e:\cơ sở lập trình (lt)\caroprojectconsole\caroprojectconsole\x64\debug\vc143.pdb
e:\cơ sở lập trình (lt)\caroprojectconsole\caroprojectconsole\x64\debug\vc143.idb
e:\cơ sở lập trình (lt)\caroprojectconsole\caroprojectconsole\x64\debug\view.obj
e:\cơ sở lập trình (lt)\caroprojectconsole\caroprojectconsole\x64\debug\save.obj
e:\cơ sở lập trình (lt)\caroprojectconsole\caroprojectconsole\x64\debug\model.obj
e:\cơ sở lập trình (lt)\caroprojectconsole\caroprojectconsole\x64\debug\load.obj
e:\cơ sở lập trình (lt)\caroprojectconsole\caroprojectconsole\x64\debug\listandload.obj
e:\cơ sở lập trình (lt)\caroprojectconsole\caroprojectconsole\x64\debug\handleinput.obj
e:\cơ sở lập trình (lt)\caroprojectconsole\caroprojectconsole\x64\debug\control.obj
e:\cơ sở lập trình (lt)\caroprojectconsole\caroprojectconsole\x64\debug\caroprojectconsole1.obj
e:\cơ sở lập trình (lt)\caroprojectconsole\x64\debug\caroprojectconsole.exe
e:\cơ sở lập trình (lt)\caroprojectconsole\x64\debug\caroprojectconsole.pdb
e:\cơ sở lập trình (lt)\caroprojectconsole\caroprojectconsole\x64\debug\caroprojectconsole.ilk
e:\cơ sở lập trình (lt)\caroprojectconsole\caroprojectconsole\x64\debug\caroproj.83b5203b.tlog\cl.command.1.tlog
e:\cơ sở lập trình (lt)\caroprojectconsole\caroprojectconsole\x64\debug\caroproj.83b5203b.tlog\cl.items.tlog
e:\cơ sở lập trình (lt)\caroprojectconsole\caroprojectconsole\x64\debug\caroproj.83b5203b.tlog\cl.read.1.tlog
e:\cơ sở lập trình (lt)\caroprojectconsole\caroprojectconsole\x64\debug\caroproj.83b5203b.tlog\cl.write.1.tlog
e:\cơ sở lập trình (lt)\caroprojectconsole\caroprojectconsole\x64\debug\caroproj.83b5203b.tlog\link.command.1.tlog
e:\cơ sở lập trình (lt)\caroprojectconsole\caroprojectconsole\x64\debug\caroproj.83b5203b.tlog\link.read.1.tlog
e:\cơ sở lập trình (lt)\caroprojectconsole\caroprojectconsole\x64\debug\caroproj.83b5203b.tlog\link.secondary.1.tlog
e:\cơ sở lập trình (lt)\caroprojectconsole\caroprojectconsole\x64\debug\caroproj.83b5203b.tlog\link.write.1.tlog
